[debug] [2025-03-22T21:12:26.893Z] ----------------------------------------------------------------------
[debug] [2025-03-22T21:12:26.896Z] Command:       C:\Program Files\nodejs\node.exe C:\Users\Леся\AppData\Roaming\npm\node_modules\firebase-tools\lib\bin\firebase.js init
[debug] [2025-03-22T21:12:26.896Z] CLI Version:   13.35.1
[debug] [2025-03-22T21:12:26.897Z] Platform:      win32
[debug] [2025-03-22T21:12:26.897Z] Node Version:  v20.18.0
[debug] [2025-03-22T21:12:26.897Z] Time:          Sun Mar 23 2025 00:12:26 GMT+0300 (за московським стандартним часом)
[debug] [2025-03-22T21:12:26.897Z] ----------------------------------------------------------------------
[debug] 
[debug] [2025-03-22T21:12:26.901Z] >>> [apiv2][query] GET https://firebase-public.firebaseio.com/cli.json [none]
[debug] [2025-03-22T21:12:26.952Z] > command requires scopes: ["email","openid","https://www.googleapis.com/auth/cloudplatformprojects.readonly","https://www.googleapis.com/auth/firebase","https://www.googleapis.com/auth/cloud-platform"]
[debug] [2025-03-22T21:12:26.953Z] > authorizing via signed-in user (kovach.roman@student.uzhnu.edu.ua)
[info] 
     ######## #### ########  ######## ########     ###     ######  ########
     ##        ##  ##     ## ##       ##     ##  ##   ##  ##       ##
     ######    ##  ########  ######   ########  #########  ######  ######
     ##        ##  ##    ##  ##       ##     ## ##     ##       ## ##
     ##       #### ##     ## ######## ########  ##     ##  ######  ########

You're about to initialize a Firebase project in this directory:

  C:\Users\Леся\Desktop\photo-album-project\frontend

[debug] [2025-03-22T21:12:27.371Z] <<< [apiv2][status] GET https://firebase-public.firebaseio.com/cli.json 200
[debug] [2025-03-22T21:12:27.372Z] <<< [apiv2][body] GET https://firebase-public.firebaseio.com/cli.json {"cloudBuildErrorAfter":1594252800000,"cloudBuildWarnAfter":1590019200000,"defaultNode10After":1594252800000,"minVersion":"3.0.5","node8DeploysDisabledAfter":1613390400000,"node8RuntimeDisabledAfter":1615809600000,"node8WarnAfter":1600128000000}
[info] 
=== Project Setup
[info] 
[info] First, let's associate this project directory with a Firebase project.
[info] You can create multiple project aliases by running firebase use --add, 
[info] but for now we'll just set up a default project.
[info] 
[debug] [2025-03-22T21:13:04.084Z] Checked if tokens are valid: false, expires at: 1742230847993
[debug] [2025-03-22T21:13:04.084Z] Checked if tokens are valid: false, expires at: 1742230847993
[debug] [2025-03-22T21:13:04.085Z] > refreshing access token with scopes: []
[debug] [2025-03-22T21:13:04.086Z] >>> [apiv2][query] POST https://www.googleapis.com/oauth2/v3/token [none]
[debug] [2025-03-22T21:13:04.086Z] >>> [apiv2][body] POST https://www.googleapis.com/oauth2/v3/token [omitted]
[debug] [2025-03-22T21:13:04.305Z] <<< [apiv2][status] POST https://www.googleapis.com/oauth2/v3/token 200
[debug] [2025-03-22T21:13:04.305Z] <<< [apiv2][body] POST https://www.googleapis.com/oauth2/v3/token [omitted]
[debug] [2025-03-22T21:13:04.321Z] >>> [apiv2][query] GET https://firebase.googleapis.com/v1beta1/projects pageSize=100
[debug] [2025-03-22T21:13:04.907Z] <<< [apiv2][status] GET https://firebase.googleapis.com/v1beta1/projects 200
[debug] [2025-03-22T21:13:04.907Z] <<< [apiv2][body] GET https://firebase.googleapis.com/v1beta1/projects [omitted]
[info] i  Using project interactive-album (interactive-album) 
[info] 
=== Dataconnect Setup
[debug] [2025-03-22T21:13:09.350Z] Checked if tokens are valid: true, expires at: 1742681583305
[debug] [2025-03-22T21:13:09.350Z] Checked if tokens are valid: true, expires at: 1742681583305
[debug] [2025-03-22T21:13:09.351Z] >>> [apiv2][query] GET https://cloudbilling.googleapis.com/v1/projects/interactive-album/billingInfo [none]
[debug] [2025-03-22T21:13:10.265Z] <<< [apiv2][status] GET https://cloudbilling.googleapis.com/v1/projects/interactive-album/billingInfo 200
[debug] [2025-03-22T21:13:10.265Z] <<< [apiv2][body] GET https://cloudbilling.googleapis.com/v1/projects/interactive-album/billingInfo {"name":"projects/interactive-album/billingInfo","projectId":"interactive-album","billingAccountName":"billingAccounts/0151A4-974424-F1E2FA","billingEnabled":true}
[info] i  dataconnect: ensuring required API firebasedataconnect.googleapis.com is enabled... 
[debug] [2025-03-22T21:13:10.268Z] Checked if tokens are valid: true, expires at: 1742681583305
[debug] [2025-03-22T21:13:10.268Z] Checked if tokens are valid: true, expires at: 1742681583305
[debug] [2025-03-22T21:13:10.268Z] >>> [apiv2][query] GET https://serviceusage.googleapis.com/v1/projects/interactive-album/services/firebasedataconnect.googleapis.com [none]
[debug] [2025-03-22T21:13:10.268Z] >>> [apiv2][(partial)header] GET https://serviceusage.googleapis.com/v1/projects/interactive-album/services/firebasedataconnect.googleapis.com x-goog-quota-user=projects/interactive-album
[debug] [2025-03-22T21:13:11.499Z] <<< [apiv2][status] GET https://serviceusage.googleapis.com/v1/projects/interactive-album/services/firebasedataconnect.googleapis.com 200
[debug] [2025-03-22T21:13:11.499Z] <<< [apiv2][body] GET https://serviceusage.googleapis.com/v1/projects/interactive-album/services/firebasedataconnect.googleapis.com [omitted]
[warn] !  dataconnect: missing required API firebasedataconnect.googleapis.com. Enabling now... 
[debug] [2025-03-22T21:13:11.501Z] Checked if tokens are valid: true, expires at: 1742681583305
[debug] [2025-03-22T21:13:11.501Z] Checked if tokens are valid: true, expires at: 1742681583305
[debug] [2025-03-22T21:13:11.501Z] >>> [apiv2][query] POST https://serviceusage.googleapis.com/v1/projects/interactive-album/services/firebasedataconnect.googleapis.com:enable [none]
[debug] [2025-03-22T21:13:11.501Z] >>> [apiv2][(partial)header] POST https://serviceusage.googleapis.com/v1/projects/interactive-album/services/firebasedataconnect.googleapis.com:enable x-goog-quota-user=projects/interactive-album
[debug] [2025-03-22T21:13:12.125Z] <<< [apiv2][status] POST https://serviceusage.googleapis.com/v1/projects/interactive-album/services/firebasedataconnect.googleapis.com:enable 200
[debug] [2025-03-22T21:13:12.125Z] <<< [apiv2][body] POST https://serviceusage.googleapis.com/v1/projects/interactive-album/services/firebasedataconnect.googleapis.com:enable [omitted]
[debug] [2025-03-22T21:13:22.136Z] Checked if tokens are valid: true, expires at: 1742681583305
[debug] [2025-03-22T21:13:22.136Z] Checked if tokens are valid: true, expires at: 1742681583305
[debug] [2025-03-22T21:13:22.137Z] >>> [apiv2][query] GET https://serviceusage.googleapis.com/v1/projects/interactive-album/services/firebasedataconnect.googleapis.com [none]
[debug] [2025-03-22T21:13:22.137Z] >>> [apiv2][(partial)header] GET https://serviceusage.googleapis.com/v1/projects/interactive-album/services/firebasedataconnect.googleapis.com x-goog-quota-user=projects/interactive-album
[debug] [2025-03-22T21:13:23.174Z] <<< [apiv2][status] GET https://serviceusage.googleapis.com/v1/projects/interactive-album/services/firebasedataconnect.googleapis.com 200
[debug] [2025-03-22T21:13:23.175Z] <<< [apiv2][body] GET https://serviceusage.googleapis.com/v1/projects/interactive-album/services/firebasedataconnect.googleapis.com [omitted]
[info] +  dataconnect: required API firebasedataconnect.googleapis.com is enabled 
[info] i  dataconnect: ensuring required API sqladmin.googleapis.com is enabled... 
[debug] [2025-03-22T21:13:23.185Z] Checked if tokens are valid: true, expires at: 1742681583305
[debug] [2025-03-22T21:13:23.185Z] Checked if tokens are valid: true, expires at: 1742681583305
[debug] [2025-03-22T21:13:23.186Z] >>> [apiv2][query] GET https://serviceusage.googleapis.com/v1/projects/interactive-album/services/sqladmin.googleapis.com [none]
[debug] [2025-03-22T21:13:23.186Z] >>> [apiv2][(partial)header] GET https://serviceusage.googleapis.com/v1/projects/interactive-album/services/sqladmin.googleapis.com x-goog-quota-user=projects/interactive-album
[debug] [2025-03-22T21:13:24.142Z] <<< [apiv2][status] GET https://serviceusage.googleapis.com/v1/projects/interactive-album/services/sqladmin.googleapis.com 200
[debug] [2025-03-22T21:13:24.143Z] <<< [apiv2][body] GET https://serviceusage.googleapis.com/v1/projects/interactive-album/services/sqladmin.googleapis.com [omitted]
[warn] !  dataconnect: missing required API sqladmin.googleapis.com. Enabling now... 
[debug] [2025-03-22T21:13:24.145Z] Checked if tokens are valid: true, expires at: 1742681583305
[debug] [2025-03-22T21:13:24.145Z] Checked if tokens are valid: true, expires at: 1742681583305
[debug] [2025-03-22T21:13:24.146Z] >>> [apiv2][query] POST https://serviceusage.googleapis.com/v1/projects/interactive-album/services/sqladmin.googleapis.com:enable [none]
[debug] [2025-03-22T21:13:24.146Z] >>> [apiv2][(partial)header] POST https://serviceusage.googleapis.com/v1/projects/interactive-album/services/sqladmin.googleapis.com:enable x-goog-quota-user=projects/interactive-album
[debug] [2025-03-22T21:13:25.020Z] <<< [apiv2][status] POST https://serviceusage.googleapis.com/v1/projects/interactive-album/services/sqladmin.googleapis.com:enable 200
[debug] [2025-03-22T21:13:25.021Z] <<< [apiv2][body] POST https://serviceusage.googleapis.com/v1/projects/interactive-album/services/sqladmin.googleapis.com:enable [omitted]
[debug] [2025-03-22T21:13:35.023Z] Checked if tokens are valid: true, expires at: 1742681583305
[debug] [2025-03-22T21:13:35.023Z] Checked if tokens are valid: true, expires at: 1742681583305
[debug] [2025-03-22T21:13:35.024Z] >>> [apiv2][query] GET https://serviceusage.googleapis.com/v1/projects/interactive-album/services/sqladmin.googleapis.com [none]
[debug] [2025-03-22T21:13:35.024Z] >>> [apiv2][(partial)header] GET https://serviceusage.googleapis.com/v1/projects/interactive-album/services/sqladmin.googleapis.com x-goog-quota-user=projects/interactive-album
[debug] [2025-03-22T21:13:36.048Z] <<< [apiv2][status] GET https://serviceusage.googleapis.com/v1/projects/interactive-album/services/sqladmin.googleapis.com 200
[debug] [2025-03-22T21:13:36.049Z] <<< [apiv2][body] GET https://serviceusage.googleapis.com/v1/projects/interactive-album/services/sqladmin.googleapis.com [omitted]
[info] +  dataconnect: required API sqladmin.googleapis.com is enabled 
[info] i  dataconnect: ensuring required API compute.googleapis.com is enabled... 
[debug] [2025-03-22T21:13:36.056Z] Checked if tokens are valid: true, expires at: 1742681583305
[debug] [2025-03-22T21:13:36.057Z] Checked if tokens are valid: true, expires at: 1742681583305
[debug] [2025-03-22T21:13:36.057Z] >>> [apiv2][query] GET https://serviceusage.googleapis.com/v1/projects/interactive-album/services/compute.googleapis.com [none]
[debug] [2025-03-22T21:13:36.057Z] >>> [apiv2][(partial)header] GET https://serviceusage.googleapis.com/v1/projects/interactive-album/services/compute.googleapis.com x-goog-quota-user=projects/interactive-album
[debug] [2025-03-22T21:13:37.366Z] <<< [apiv2][status] GET https://serviceusage.googleapis.com/v1/projects/interactive-album/services/compute.googleapis.com 200
[debug] [2025-03-22T21:13:37.366Z] <<< [apiv2][body] GET https://serviceusage.googleapis.com/v1/projects/interactive-album/services/compute.googleapis.com [omitted]
[warn] !  dataconnect: missing required API compute.googleapis.com. Enabling now... 
[debug] [2025-03-22T21:13:37.367Z] Checked if tokens are valid: true, expires at: 1742681583305
[debug] [2025-03-22T21:13:37.367Z] Checked if tokens are valid: true, expires at: 1742681583305
[debug] [2025-03-22T21:13:37.368Z] >>> [apiv2][query] POST https://serviceusage.googleapis.com/v1/projects/interactive-album/services/compute.googleapis.com:enable [none]
[debug] [2025-03-22T21:13:37.368Z] >>> [apiv2][(partial)header] POST https://serviceusage.googleapis.com/v1/projects/interactive-album/services/compute.googleapis.com:enable x-goog-quota-user=projects/interactive-album
[debug] [2025-03-22T21:13:38.274Z] <<< [apiv2][status] POST https://serviceusage.googleapis.com/v1/projects/interactive-album/services/compute.googleapis.com:enable 200
[debug] [2025-03-22T21:13:38.275Z] <<< [apiv2][body] POST https://serviceusage.googleapis.com/v1/projects/interactive-album/services/compute.googleapis.com:enable [omitted]
[debug] [2025-03-22T21:13:48.284Z] Checked if tokens are valid: true, expires at: 1742681583305
[debug] [2025-03-22T21:13:48.284Z] Checked if tokens are valid: true, expires at: 1742681583305
[debug] [2025-03-22T21:13:48.285Z] >>> [apiv2][query] GET https://serviceusage.googleapis.com/v1/projects/interactive-album/services/compute.googleapis.com [none]
[debug] [2025-03-22T21:13:48.285Z] >>> [apiv2][(partial)header] GET https://serviceusage.googleapis.com/v1/projects/interactive-album/services/compute.googleapis.com x-goog-quota-user=projects/interactive-album
[debug] [2025-03-22T21:13:49.750Z] <<< [apiv2][status] GET https://serviceusage.googleapis.com/v1/projects/interactive-album/services/compute.googleapis.com 200
[debug] [2025-03-22T21:13:49.751Z] <<< [apiv2][body] GET https://serviceusage.googleapis.com/v1/projects/interactive-album/services/compute.googleapis.com [omitted]
[info] i  dataconnect: waiting for API compute.googleapis.com to activate... 
[debug] [2025-03-22T21:13:59.757Z] Checked if tokens are valid: true, expires at: 1742681583305
[debug] [2025-03-22T21:13:59.758Z] Checked if tokens are valid: true, expires at: 1742681583305
[debug] [2025-03-22T21:13:59.758Z] >>> [apiv2][query] GET https://serviceusage.googleapis.com/v1/projects/interactive-album/services/compute.googleapis.com [none]
[debug] [2025-03-22T21:13:59.758Z] >>> [apiv2][(partial)header] GET https://serviceusage.googleapis.com/v1/projects/interactive-album/services/compute.googleapis.com x-goog-quota-user=projects/interactive-album
[debug] [2025-03-22T21:14:01.800Z] <<< [apiv2][status] GET https://serviceusage.googleapis.com/v1/projects/interactive-album/services/compute.googleapis.com 200
[debug] [2025-03-22T21:14:01.801Z] <<< [apiv2][body] GET https://serviceusage.googleapis.com/v1/projects/interactive-album/services/compute.googleapis.com [omitted]
[info] i  dataconnect: waiting for API compute.googleapis.com to activate... 
